\BOOKMARK [0][-]{chapter.1}{\376\377\000I\000n\000t\000r\000o\000d\000u\000c\000c\000i\000\363\000n}{}% 1
\BOOKMARK [1][-]{section.1.1}{\376\377\000I\000n\000t\000r\000o\000d\000u\000c\000c\000i\000\363\000n\000\040\000a\000\040\000l\000a\000\040\000C\000o\000m\000u\000n\000i\000c\000a\000c\000i\000\363\000n\000\040\000e\000n\000\040\000e\000l\000\040\000S\000e\000c\000t\000o\000r\000\040\000A\000u\000t\000o\000m\000o\000v\000i\000l\000\355\000s\000t\000i\000c\000o}{chapter.1}% 2
\BOOKMARK [1][-]{section.1.2}{\376\377\000I\000n\000t\000r\000o\000d\000u\000c\000c\000i\000\363\000n\000\040\000a\000\040\000l\000o\000s\000\040\000P\000r\000o\000t\000o\000c\000o\000l\000o\000s\000\040\000d\000e\000\040\000C\000o\000m\000u\000n\000i\000c\000a\000c\000i\000\363\000n}{chapter.1}% 3
\BOOKMARK [2][-]{subsection.1.2.1}{\376\377\000C\000A\000N\000\040\000B\000u\000s\000\040\040\024\000\040\000I\000S\000O\000\040\0001\0001\0008\0009\0008}{section.1.2}% 4
\BOOKMARK [2][-]{subsection.1.2.2}{\376\377\000I\000S\000O\000-\000T\000P\000\040\040\024\000\040\000I\000S\000O\000\040\0001\0005\0007\0006\0005\000-\0002}{section.1.2}% 5
\BOOKMARK [2][-]{subsection.1.2.3}{\376\377\000O\000B\000D\000-\000I\000I\000\040\040\024\000\040\000S\000A\000E\000\040\000J\0001\0009\0007\0009\000\040\000/\000\040\000I\000S\000O\000\040\0001\0005\0000\0003\0001\000-\0005}{section.1.2}% 6
\BOOKMARK [2][-]{subsection.1.2.4}{\376\377\000U\000D\000S\000\040\000N\000R\000C\000\040\040\024\000\040\000I\000S\000O\000\040\0001\0004\0002\0002\0009\000-\0001}{section.1.2}% 7
\BOOKMARK [0][-]{chapter.2}{\376\377\000E\000s\000t\000a\000d\000o\000\040\000a\000c\000t\000u\000a\000l\000\040\000y\000\040\000o\000b\000j\000e\000t\000i\000v\000o\000s\000\040\000i\000n\000i\000c\000i\000a\000l\000e\000s}{}% 8
\BOOKMARK [1][-]{section.2.1}{\376\377\000M\000o\000t\000i\000v\000a\000c\000i\000\363\000n\000\040\000y\000\040\000a\000n\000t\000e\000c\000e\000d\000e\000n\000t\000e\000s}{chapter.2}% 9
\BOOKMARK [1][-]{section.2.2}{\376\377\000O\000b\000j\000e\000t\000i\000v\000o\000s}{chapter.2}% 10
\BOOKMARK [0][-]{chapter.3}{\376\377\000A\000p\000o\000r\000t\000a\000c\000i\000o\000n\000e\000s\000\040\000d\000e\000l\000\040\000t\000r\000a\000b\000a\000j\000o}{}% 11
\BOOKMARK [1][-]{section.3.1}{\376\377\000P\000r\000i\000n\000c\000i\000p\000a\000l\000e\000s\000\040\000a\000p\000o\000r\000t\000a\000c\000i\000o\000n\000e\000s}{chapter.3}% 12
\BOOKMARK [1][-]{section.3.2}{\376\377\000C\000o\000m\000p\000e\000t\000e\000n\000c\000i\000a\000s\000\040\000e\000s\000p\000e\000c\000\355\000f\000i\000c\000a\000s}{chapter.3}% 13
\BOOKMARK [1][-]{section.3.3}{\376\377\000R\000e\000l\000a\000c\000i\000\363\000n\000\040\000c\000o\000n\000\040\000l\000o\000s\000\040\000O\000b\000j\000e\000t\000i\000v\000o\000s\000\040\000d\000e\000\040\000D\000e\000s\000a\000r\000r\000o\000l\000l\000o\000\040\000S\000o\000s\000t\000e\000n\000i\000b\000l\000e\000\040\000\050\000O\000D\000S\000\051}{chapter.3}% 14
\BOOKMARK [0][-]{chapter.4}{\376\377\000D\000e\000s\000a\000r\000r\000o\000l\000l\000o}{}% 15
\BOOKMARK [1][-]{section.4.1}{\376\377\000M\000e\000t\000o\000d\000o\000l\000o\000g\000\355\000a}{chapter.4}% 16
\BOOKMARK [1][-]{section.4.2}{\376\377\000F\000a\000s\000e\000s\000\040\000d\000e\000\040\000d\000e\000s\000a\000r\000r\000o\000l\000l\000o}{chapter.4}% 17
\BOOKMARK [2][-]{subsection.4.2.1}{\376\377\000A\000n\000\341\000l\000i\000s\000i\000s}{section.4.2}% 18
\BOOKMARK [2][-]{subsection.4.2.2}{\376\377\000D\000i\000s\000e\000\361\000o}{section.4.2}% 19
\BOOKMARK [0][-]{chapter.5}{\376\377\000R\000e\000s\000u\000l\000t\000a\000d\000o\000s}{}% 20
\BOOKMARK [0][-]{chapter.6}{\376\377\000C\000o\000n\000c\000l\000u\000s\000i\000o\000n\000e\000s\000\040\000y\000\040\000t\000r\000a\000b\000a\000j\000o\000\040\000f\000u\000t\000u\000r\000o}{}% 21
\BOOKMARK [1][-]{section.6.1}{\376\377\000C\000o\000n\000c\000l\000u\000s\000i\000o\000n\000e\000s}{chapter.6}% 22
\BOOKMARK [1][-]{section.6.2}{\376\377\000T\000r\000a\000b\000a\000j\000o\000\040\000f\000u\000t\000u\000r\000o}{chapter.6}% 23
\BOOKMARK [1][-]{section.6.3}{\376\377\000U\000s\000o\000\040\000d\000e\000\040\000l\000a\000\040\000I\000A}{chapter.6}% 24
\BOOKMARK [0][-]{chapter.7}{\376\377\000O\000t\000r\000o\000s\000\040\000c\000a\000p\000\355\000t\000u\000l\000o\000s\000\040\000y\000\040\000a\000n\000e\000x\000o\000s}{}% 25
\BOOKMARK [1][-]{section.7.1}{\376\377\000E\000j\000e\000m\000p\000l\000o\000s\000\040\000d\000e\000\040\000c\000a\000p\000\355\000t\000u\000l\000o\000s\000\040\000o\000p\000c\000i\000o\000n\000a\000l\000e\000s}{chapter.7}% 26
